<?xml version="1.0" encoding="UTF-8"?>
<!-- Generated by org.testng.reporters.JUnitReportReporter -->
<testsuite hostname="Jui" failures="0" tests="1" name="amazon.framework.testcases.LoginTestAmazon" time="42.063" errors="0" timestamp="2020-08-17T23:13:03 IST" skipped="0">
  <testcase classname="amazon.framework.testcases.LoginTestAmazon" name="LoginToAmazon" time="42.063"/>
  <system-out/>
</testsuite> <!-- amazon.framework.testcases.LoginTestAmazon -->
